08:46:26,417 INFO   [main] onepoint.project.module.OpModuleRegistry.loadModules(OpModuleRegistry.java:77)  - Loading registered modules...
08:46:26,479 INFO   [main] onepoint.project.module.OpModuleLoader.loadModule(OpModuleLoader.java:32)  - Loading module: onepoint/project/module/test/test_module_1.oxm.xml
08:46:26,526 INFO   [main] onepoint.project.module.OpModule.loadPrototypes(OpModule.java:272)  - Loading prototypes of module 'module_1'...
08:46:26,573 INFO   [main] onepoint.project.module.OpModule.loadPrototypes(OpModule.java:279)  - Prototypes of module 'module_1' loaded.
08:46:26,573 INFO   [main] onepoint.project.module.OpModule.loadLanguageKits(OpModule.java:287)  - Loading language-kits of module 'module_1'...
08:46:26,573 INFO   [main] onepoint.project.module.OpModule.loadLanguageKits(OpModule.java:291)  - Language-kits of module 'module_1' loaded.
08:46:26,573 INFO   [main] onepoint.project.module.OpModule.loadServices(OpModule.java:295)  - Loading services of module 'module_1'...
08:46:26,573 INFO   [main] onepoint.project.module.OpModule.loadServices(OpModule.java:300)  - Services of module 'module_1' loaded.
08:46:26,573 INFO   [main] onepoint.project.module.OpModuleLoader.loadModule(OpModuleLoader.java:32)  - Loading module: onepoint/project/module/test/test_module_2.oxm.xml
08:46:26,588 INFO   [main] onepoint.project.module.OpModule.loadPrototypes(OpModule.java:272)  - Loading prototypes of module 'module_2'...
08:46:26,588 INFO   [main] onepoint.project.module.OpModule.loadPrototypes(OpModule.java:279)  - Prototypes of module 'module_2' loaded.
08:46:26,604 INFO   [main] onepoint.project.module.OpModule.loadLanguageKits(OpModule.java:287)  - Loading language-kits of module 'module_2'...
08:46:26,604 INFO   [main] onepoint.project.module.OpModule.loadLanguageKits(OpModule.java:291)  - Language-kits of module 'module_2' loaded.
08:46:26,604 INFO   [main] onepoint.project.module.OpModule.loadServices(OpModule.java:295)  - Loading services of module 'module_2'...
08:46:26,604 INFO   [main] onepoint.project.module.OpModule.loadServices(OpModule.java:300)  - Services of module 'module_2' loaded.
08:46:26,604 INFO   [main] onepoint.project.module.OpModuleLoader.loadModule(OpModuleLoader.java:32)  - Loading module: onepoint/project/module/test/test_module_1.oxm.xml
08:46:26,604 INFO   [main] onepoint.project.module.OpModule.loadPrototypes(OpModule.java:272)  - Loading prototypes of module 'module_1'...
08:46:26,635 INFO   [main] onepoint.project.module.OpModule.loadPrototypes(OpModule.java:279)  - Prototypes of module 'module_1' loaded.
08:46:26,651 INFO   [main] onepoint.project.module.OpModule.loadLanguageKits(OpModule.java:287)  - Loading language-kits of module 'module_1'...
08:46:26,651 INFO   [main] onepoint.project.module.OpModule.loadLanguageKits(OpModule.java:291)  - Language-kits of module 'module_1' loaded.
08:46:26,651 INFO   [main] onepoint.project.module.OpModule.loadServices(OpModule.java:295)  - Loading services of module 'module_1'...
08:46:26,651 INFO   [main] onepoint.project.module.OpModule.loadServices(OpModule.java:300)  - Services of module 'module_1' loaded.
08:46:26,651 INFO   [main] onepoint.project.module.OpModuleRegistry.loadModules(OpModuleRegistry.java:84)  - Registered modules loaded.
08:46:26,667 INFO   [main] onepoint.project.module.OpModuleRegistry.loadModules(OpModuleRegistry.java:77)  - Loading registered modules...
08:46:26,667 INFO   [main] onepoint.project.module.OpModuleLoader.loadModule(OpModuleLoader.java:32)  - Loading module: onepoint/project/module/test/test_module_2.oxm.xml
08:46:26,682 INFO   [main] onepoint.project.module.OpModule.loadPrototypes(OpModule.java:272)  - Loading prototypes of module 'module_2'...
08:46:26,682 INFO   [main] onepoint.project.module.OpModule.loadPrototypes(OpModule.java:279)  - Prototypes of module 'module_2' loaded.
08:46:26,698 INFO   [main] onepoint.project.module.OpModule.loadLanguageKits(OpModule.java:287)  - Loading language-kits of module 'module_2'...
08:46:26,698 INFO   [main] onepoint.project.module.OpModule.loadLanguageKits(OpModule.java:291)  - Language-kits of module 'module_2' loaded.
08:46:26,698 INFO   [main] onepoint.project.module.OpModule.loadServices(OpModule.java:295)  - Loading services of module 'module_2'...
08:46:26,698 INFO   [main] onepoint.project.module.OpModule.loadServices(OpModule.java:300)  - Services of module 'module_2' loaded.
08:46:26,698 INFO   [main] onepoint.project.module.OpModuleLoader.loadModule(OpModuleLoader.java:32)  - Loading module: onepoint/project/module/test/test_module_1.oxm.xml
08:46:26,698 INFO   [main] onepoint.project.module.OpModule.loadPrototypes(OpModule.java:272)  - Loading prototypes of module 'module_1'...
08:46:26,713 INFO   [main] onepoint.project.module.OpModule.loadPrototypes(OpModule.java:279)  - Prototypes of module 'module_1' loaded.
08:46:26,713 INFO   [main] onepoint.project.module.OpModule.loadLanguageKits(OpModule.java:287)  - Loading language-kits of module 'module_1'...
08:46:26,713 INFO   [main] onepoint.project.module.OpModule.loadLanguageKits(OpModule.java:291)  - Language-kits of module 'module_1' loaded.
08:46:26,713 INFO   [main] onepoint.project.module.OpModule.loadServices(OpModule.java:295)  - Loading services of module 'module_1'...
08:46:26,713 INFO   [main] onepoint.project.module.OpModule.loadServices(OpModule.java:300)  - Services of module 'module_1' loaded.
08:46:26,713 INFO   [main] onepoint.project.module.OpModuleLoader.loadModule(OpModuleLoader.java:32)  - Loading module: onepoint/project/module/test/test_module_3.oxm.xml
08:46:26,729 INFO   [main] onepoint.project.module.OpModule.loadPrototypes(OpModule.java:272)  - Loading prototypes of module 'module_3'...
08:46:26,729 INFO   [main] onepoint.project.module.OpModule.loadPrototypes(OpModule.java:279)  - Prototypes of module 'module_3' loaded.
08:46:26,729 INFO   [main] onepoint.project.module.OpModule.loadLanguageKits(OpModule.java:287)  - Loading language-kits of module 'module_3'...
08:46:26,729 INFO   [main] onepoint.project.module.OpModule.loadLanguageKits(OpModule.java:291)  - Language-kits of module 'module_3' loaded.
08:46:26,729 INFO   [main] onepoint.project.module.OpModule.loadServices(OpModule.java:295)  - Loading services of module 'module_3'...
08:46:26,729 INFO   [main] onepoint.project.module.OpModule.loadServices(OpModule.java:300)  - Services of module 'module_3' loaded.
08:46:26,729 INFO   [main] onepoint.project.module.OpModuleRegistry.loadModules(OpModuleRegistry.java:84)  - Registered modules loaded.
08:46:26,729 INFO   [main] onepoint.project.module.OpModuleRegistry.loadModules(OpModuleRegistry.java:77)  - Loading registered modules...
08:46:26,729 INFO   [main] onepoint.project.module.OpModuleLoader.loadModule(OpModuleLoader.java:32)  - Loading module: onepoint/project/module/test/test_module_2.oxm.xml
08:46:26,745 INFO   [main] onepoint.project.module.OpModule.loadPrototypes(OpModule.java:272)  - Loading prototypes of module 'module_2'...
08:46:26,745 INFO   [main] onepoint.project.module.OpModule.loadPrototypes(OpModule.java:279)  - Prototypes of module 'module_2' loaded.
08:46:26,745 INFO   [main] onepoint.project.module.OpModule.loadLanguageKits(OpModule.java:287)  - Loading language-kits of module 'module_2'...
08:46:26,760 INFO   [main] onepoint.project.module.OpModule.loadLanguageKits(OpModule.java:291)  - Language-kits of module 'module_2' loaded.
08:46:26,760 INFO   [main] onepoint.project.module.OpModule.loadServices(OpModule.java:295)  - Loading services of module 'module_2'...
08:46:26,760 INFO   [main] onepoint.project.module.OpModule.loadServices(OpModule.java:300)  - Services of module 'module_2' loaded.
08:46:26,760 INFO   [main] onepoint.project.module.OpModuleLoader.loadModule(OpModuleLoader.java:32)  - Loading module: onepoint/project/module/test/test_module_1.oxm.xml
08:46:26,760 INFO   [main] onepoint.project.module.OpModule.loadPrototypes(OpModule.java:272)  - Loading prototypes of module 'module_1'...
08:46:26,776 INFO   [main] onepoint.project.module.OpModule.loadPrototypes(OpModule.java:279)  - Prototypes of module 'module_1' loaded.
08:46:26,776 INFO   [main] onepoint.project.module.OpModule.loadLanguageKits(OpModule.java:287)  - Loading language-kits of module 'module_1'...
08:46:26,776 INFO   [main] onepoint.project.module.OpModule.loadLanguageKits(OpModule.java:291)  - Language-kits of module 'module_1' loaded.
08:46:26,776 INFO   [main] onepoint.project.module.OpModule.loadServices(OpModule.java:295)  - Loading services of module 'module_1'...
08:46:26,776 INFO   [main] onepoint.project.module.OpModule.loadServices(OpModule.java:300)  - Services of module 'module_1' loaded.
08:46:26,776 INFO   [main] onepoint.project.module.OpModuleLoader.loadModule(OpModuleLoader.java:32)  - Loading module: onepoint/project/module/test/test_module_3.oxm.xml
08:46:26,792 INFO   [main] onepoint.project.module.OpModule.loadPrototypes(OpModule.java:272)  - Loading prototypes of module 'module_3'...
08:46:26,792 INFO   [main] onepoint.project.module.OpModule.loadPrototypes(OpModule.java:279)  - Prototypes of module 'module_3' loaded.
08:46:26,792 INFO   [main] onepoint.project.module.OpModule.loadLanguageKits(OpModule.java:287)  - Loading language-kits of module 'module_3'...
08:46:26,792 INFO   [main] onepoint.project.module.OpModule.loadLanguageKits(OpModule.java:291)  - Language-kits of module 'module_3' loaded.
08:46:26,792 INFO   [main] onepoint.project.module.OpModule.loadServices(OpModule.java:295)  - Loading services of module 'module_3'...
08:46:26,792 INFO   [main] onepoint.project.module.OpModule.loadServices(OpModule.java:300)  - Services of module 'module_3' loaded.
08:46:26,792 INFO   [main] onepoint.project.module.OpModuleRegistry.loadModules(OpModuleRegistry.java:84)  - Registered modules loaded.
08:46:26,792 INFO   [main] onepoint.project.module.OpModuleRegistry.loadModules(OpModuleRegistry.java:77)  - Loading registered modules...
08:46:26,807 INFO   [main] onepoint.project.module.OpModuleLoader.loadModule(OpModuleLoader.java:32)  - Loading module: onepoint/project/module/test/test_module_3.oxm.xml
08:46:26,807 INFO   [main] onepoint.project.module.OpModule.loadPrototypes(OpModule.java:272)  - Loading prototypes of module 'module_3'...
08:46:26,807 INFO   [main] onepoint.project.module.OpModule.loadPrototypes(OpModule.java:279)  - Prototypes of module 'module_3' loaded.
08:46:26,807 INFO   [main] onepoint.project.module.OpModule.loadLanguageKits(OpModule.java:287)  - Loading language-kits of module 'module_3'...
08:46:26,807 INFO   [main] onepoint.project.module.OpModule.loadLanguageKits(OpModule.java:291)  - Language-kits of module 'module_3' loaded.
08:46:26,807 INFO   [main] onepoint.project.module.OpModule.loadServices(OpModule.java:295)  - Loading services of module 'module_3'...
08:46:26,807 INFO   [main] onepoint.project.module.OpModule.loadServices(OpModule.java:300)  - Services of module 'module_3' loaded.
08:46:26,807 INFO   [main] onepoint.project.module.OpModuleLoader.loadModule(OpModuleLoader.java:32)  - Loading module: onepoint/project/module/test/test_module_2.oxm.xml
08:46:26,823 INFO   [main] onepoint.project.module.OpModule.loadPrototypes(OpModule.java:272)  - Loading prototypes of module 'module_2'...
08:46:26,838 INFO   [main] onepoint.project.module.OpModule.loadPrototypes(OpModule.java:279)  - Prototypes of module 'module_2' loaded.
08:46:26,838 INFO   [main] onepoint.project.module.OpModule.loadLanguageKits(OpModule.java:287)  - Loading language-kits of module 'module_2'...
08:46:26,838 INFO   [main] onepoint.project.module.OpModule.loadLanguageKits(OpModule.java:291)  - Language-kits of module 'module_2' loaded.
08:46:26,838 INFO   [main] onepoint.project.module.OpModule.loadServices(OpModule.java:295)  - Loading services of module 'module_2'...
08:46:26,838 INFO   [main] onepoint.project.module.OpModule.loadServices(OpModule.java:300)  - Services of module 'module_2' loaded.
08:46:26,838 INFO   [main] onepoint.project.module.OpModuleLoader.loadModule(OpModuleLoader.java:32)  - Loading module: onepoint/project/module/test/test_module_1.oxm.xml
08:46:26,838 INFO   [main] onepoint.project.module.OpModule.loadPrototypes(OpModule.java:272)  - Loading prototypes of module 'module_1'...
08:46:26,854 INFO   [main] onepoint.project.module.OpModule.loadPrototypes(OpModule.java:279)  - Prototypes of module 'module_1' loaded.
08:46:26,854 INFO   [main] onepoint.project.module.OpModule.loadLanguageKits(OpModule.java:287)  - Loading language-kits of module 'module_1'...
08:46:26,854 INFO   [main] onepoint.project.module.OpModule.loadLanguageKits(OpModule.java:291)  - Language-kits of module 'module_1' loaded.
08:46:26,854 INFO   [main] onepoint.project.module.OpModule.loadServices(OpModule.java:295)  - Loading services of module 'module_1'...
08:46:26,854 INFO   [main] onepoint.project.module.OpModule.loadServices(OpModule.java:300)  - Services of module 'module_1' loaded.
08:46:26,854 INFO   [main] onepoint.project.module.OpModuleRegistry.loadModules(OpModuleRegistry.java:84)  - Registered modules loaded.
08:46:26,854 INFO   [main] onepoint.project.module.OpModuleRegistry.loadModules(OpModuleRegistry.java:77)  - Loading registered modules...
08:46:26,854 INFO   [main] onepoint.project.module.OpModuleLoader.loadModule(OpModuleLoader.java:32)  - Loading module: onepoint/project/module/test/test_module_3.oxm.xml
08:46:26,870 INFO   [main] onepoint.project.module.OpModule.loadPrototypes(OpModule.java:272)  - Loading prototypes of module 'module_3'...
08:46:26,870 INFO   [main] onepoint.project.module.OpModule.loadPrototypes(OpModule.java:279)  - Prototypes of module 'module_3' loaded.
08:46:26,870 INFO   [main] onepoint.project.module.OpModule.loadLanguageKits(OpModule.java:287)  - Loading language-kits of module 'module_3'...
08:46:26,870 INFO   [main] onepoint.project.module.OpModule.loadLanguageKits(OpModule.java:291)  - Language-kits of module 'module_3' loaded.
08:46:26,870 INFO   [main] onepoint.project.module.OpModule.loadServices(OpModule.java:295)  - Loading services of module 'module_3'...
08:46:26,870 INFO   [main] onepoint.project.module.OpModule.loadServices(OpModule.java:300)  - Services of module 'module_3' loaded.
08:46:26,870 INFO   [main] onepoint.project.module.OpModuleLoader.loadModule(OpModuleLoader.java:32)  - Loading module: onepoint/project/module/test/test_module_2.oxm.xml
08:46:26,870 INFO   [main] onepoint.project.module.OpModule.loadPrototypes(OpModule.java:272)  - Loading prototypes of module 'module_2'...
08:46:26,885 INFO   [main] onepoint.project.module.OpModule.loadPrototypes(OpModule.java:279)  - Prototypes of module 'module_2' loaded.
08:46:26,885 INFO   [main] onepoint.project.module.OpModule.loadLanguageKits(OpModule.java:287)  - Loading language-kits of module 'module_2'...
08:46:26,885 INFO   [main] onepoint.project.module.OpModule.loadLanguageKits(OpModule.java:291)  - Language-kits of module 'module_2' loaded.
08:46:26,885 INFO   [main] onepoint.project.module.OpModule.loadServices(OpModule.java:295)  - Loading services of module 'module_2'...
08:46:26,885 INFO   [main] onepoint.project.module.OpModule.loadServices(OpModule.java:300)  - Services of module 'module_2' loaded.
08:46:26,885 INFO   [main] onepoint.project.module.OpModuleLoader.loadModule(OpModuleLoader.java:32)  - Loading module: onepoint/project/module/test/test_module_1.oxm.xml
08:46:26,901 INFO   [main] onepoint.project.module.OpModule.loadPrototypes(OpModule.java:272)  - Loading prototypes of module 'module_1'...
08:46:26,901 INFO   [main] onepoint.project.module.OpModule.loadPrototypes(OpModule.java:279)  - Prototypes of module 'module_1' loaded.
08:46:26,901 INFO   [main] onepoint.project.module.OpModule.loadLanguageKits(OpModule.java:287)  - Loading language-kits of module 'module_1'...
08:46:26,901 INFO   [main] onepoint.project.module.OpModule.loadLanguageKits(OpModule.java:291)  - Language-kits of module 'module_1' loaded.
08:46:26,917 INFO   [main] onepoint.project.module.OpModule.loadServices(OpModule.java:295)  - Loading services of module 'module_1'...
08:46:26,917 INFO   [main] onepoint.project.module.OpModule.loadServices(OpModule.java:300)  - Services of module 'module_1' loaded.
08:46:26,917 INFO   [main] onepoint.project.module.OpModuleRegistry.loadModules(OpModuleRegistry.java:84)  - Registered modules loaded.
08:46:26,917 INFO   [main] onepoint.project.module.OpModuleRegistry.loadModules(OpModuleRegistry.java:77)  - Loading registered modules...
08:46:26,917 INFO   [main] onepoint.project.module.OpModuleLoader.loadModule(OpModuleLoader.java:32)  - Loading module: onepoint/project/module/test/test_module_2.oxm.xml
08:46:26,932 INFO   [main] onepoint.project.module.OpModule.loadPrototypes(OpModule.java:272)  - Loading prototypes of module 'module_2'...
08:46:26,948 INFO   [main] onepoint.project.module.OpModule.loadPrototypes(OpModule.java:279)  - Prototypes of module 'module_2' loaded.
08:46:26,948 INFO   [main] onepoint.project.module.OpModule.loadLanguageKits(OpModule.java:287)  - Loading language-kits of module 'module_2'...
08:46:26,948 INFO   [main] onepoint.project.module.OpModule.loadLanguageKits(OpModule.java:291)  - Language-kits of module 'module_2' loaded.
08:46:26,948 INFO   [main] onepoint.project.module.OpModule.loadServices(OpModule.java:295)  - Loading services of module 'module_2'...
08:46:26,948 INFO   [main] onepoint.project.module.OpModule.loadServices(OpModule.java:300)  - Services of module 'module_2' loaded.
08:46:26,948 INFO   [main] onepoint.project.module.OpModuleLoader.loadModule(OpModuleLoader.java:32)  - Loading module: onepoint/project/module/test/test_module_1.oxm.xml
08:46:26,963 INFO   [main] onepoint.project.module.OpModule.loadPrototypes(OpModule.java:272)  - Loading prototypes of module 'module_1'...
08:46:26,979 INFO   [main] onepoint.project.module.OpModule.loadPrototypes(OpModule.java:279)  - Prototypes of module 'module_1' loaded.
08:46:26,979 INFO   [main] onepoint.project.module.OpModule.loadLanguageKits(OpModule.java:287)  - Loading language-kits of module 'module_1'...
08:46:26,979 INFO   [main] onepoint.project.module.OpModule.loadLanguageKits(OpModule.java:291)  - Language-kits of module 'module_1' loaded.
08:46:26,979 INFO   [main] onepoint.project.module.OpModule.loadServices(OpModule.java:295)  - Loading services of module 'module_1'...
08:46:26,979 INFO   [main] onepoint.project.module.OpModule.loadServices(OpModule.java:300)  - Services of module 'module_1' loaded.
08:46:26,979 INFO   [main] onepoint.project.module.OpModuleLoader.loadModule(OpModuleLoader.java:32)  - Loading module: onepoint/project/module/test/test_module_3.oxm.xml
08:46:26,995 INFO   [main] onepoint.project.module.OpModule.loadPrototypes(OpModule.java:272)  - Loading prototypes of module 'module_3'...
08:46:26,995 INFO   [main] onepoint.project.module.OpModule.loadPrototypes(OpModule.java:279)  - Prototypes of module 'module_3' loaded.
08:46:26,995 INFO   [main] onepoint.project.module.OpModule.loadLanguageKits(OpModule.java:287)  - Loading language-kits of module 'module_3'...
08:46:26,995 INFO   [main] onepoint.project.module.OpModule.loadLanguageKits(OpModule.java:291)  - Language-kits of module 'module_3' loaded.
08:46:26,995 INFO   [main] onepoint.project.module.OpModule.loadServices(OpModule.java:295)  - Loading services of module 'module_3'...
08:46:26,995 INFO   [main] onepoint.project.module.OpModule.loadServices(OpModule.java:300)  - Services of module 'module_3' loaded.
08:46:26,995 INFO   [main] onepoint.project.module.OpModuleLoader.loadModule(OpModuleLoader.java:32)  - Loading module: onepoint/project/module/test/test_module_4.oxm.xml
08:46:27,010 INFO   [main] onepoint.project.module.OpModule.loadPrototypes(OpModule.java:272)  - Loading prototypes of module 'module_4'...
08:46:27,010 INFO   [main] onepoint.project.module.OpModule.loadPrototypes(OpModule.java:279)  - Prototypes of module 'module_4' loaded.
08:46:27,010 INFO   [main] onepoint.project.module.OpModule.loadLanguageKits(OpModule.java:287)  - Loading language-kits of module 'module_4'...
08:46:27,010 INFO   [main] onepoint.project.module.OpModule.loadLanguageKits(OpModule.java:291)  - Language-kits of module 'module_4' loaded.
08:46:27,010 INFO   [main] onepoint.project.module.OpModule.loadServices(OpModule.java:295)  - Loading services of module 'module_4'...
08:46:27,010 INFO   [main] onepoint.project.module.OpModule.loadServices(OpModule.java:300)  - Services of module 'module_4' loaded.
08:46:27,010 INFO   [main] onepoint.project.module.OpModuleRegistry.loadModules(OpModuleRegistry.java:84)  - Registered modules loaded.
08:46:27,010 INFO   [main] onepoint.project.module.OpModuleRegistry.loadModules(OpModuleRegistry.java:77)  - Loading registered modules...
08:46:27,010 INFO   [main] onepoint.project.module.OpModuleLoader.loadModule(OpModuleLoader.java:32)  - Loading module: onepoint/project/module/test/test_module_2.oxm.xml
08:46:27,026 INFO   [main] onepoint.project.module.OpModule.loadPrototypes(OpModule.java:272)  - Loading prototypes of module 'module_2'...
08:46:27,026 INFO   [main] onepoint.project.module.OpModule.loadPrototypes(OpModule.java:279)  - Prototypes of module 'module_2' loaded.
08:46:27,026 INFO   [main] onepoint.project.module.OpModule.loadLanguageKits(OpModule.java:287)  - Loading language-kits of module 'module_2'...
08:46:27,026 INFO   [main] onepoint.project.module.OpModule.loadLanguageKits(OpModule.java:291)  - Language-kits of module 'module_2' loaded.
08:46:27,026 INFO   [main] onepoint.project.module.OpModule.loadServices(OpModule.java:295)  - Loading services of module 'module_2'...
08:46:27,026 INFO   [main] onepoint.project.module.OpModule.loadServices(OpModule.java:300)  - Services of module 'module_2' loaded.
08:46:27,026 INFO   [main] onepoint.project.module.OpModuleLoader.loadModule(OpModuleLoader.java:32)  - Loading module: onepoint/project/module/test/test_module_1.oxm.xml
08:46:27,042 INFO   [main] onepoint.project.module.OpModule.loadPrototypes(OpModule.java:272)  - Loading prototypes of module 'module_1'...
08:46:27,042 INFO   [main] onepoint.project.module.OpModule.loadPrototypes(OpModule.java:279)  - Prototypes of module 'module_1' loaded.
08:46:27,042 INFO   [main] onepoint.project.module.OpModule.loadLanguageKits(OpModule.java:287)  - Loading language-kits of module 'module_1'...
08:46:27,042 INFO   [main] onepoint.project.module.OpModule.loadLanguageKits(OpModule.java:291)  - Language-kits of module 'module_1' loaded.
08:46:27,042 INFO   [main] onepoint.project.module.OpModule.loadServices(OpModule.java:295)  - Loading services of module 'module_1'...
08:46:27,042 INFO   [main] onepoint.project.module.OpModule.loadServices(OpModule.java:300)  - Services of module 'module_1' loaded.
08:46:27,042 INFO   [main] onepoint.project.module.OpModuleLoader.loadModule(OpModuleLoader.java:32)  - Loading module: onepoint/project/module/test/test_module_3.oxm.xml
08:46:27,057 INFO   [main] onepoint.project.module.OpModule.loadPrototypes(OpModule.java:272)  - Loading prototypes of module 'module_3'...
08:46:27,057 INFO   [main] onepoint.project.module.OpModule.loadPrototypes(OpModule.java:279)  - Prototypes of module 'module_3' loaded.
08:46:27,057 INFO   [main] onepoint.project.module.OpModule.loadLanguageKits(OpModule.java:287)  - Loading language-kits of module 'module_3'...
08:46:27,057 INFO   [main] onepoint.project.module.OpModule.loadLanguageKits(OpModule.java:291)  - Language-kits of module 'module_3' loaded.
08:46:27,057 INFO   [main] onepoint.project.module.OpModule.loadServices(OpModule.java:295)  - Loading services of module 'module_3'...
08:46:27,057 INFO   [main] onepoint.project.module.OpModule.loadServices(OpModule.java:300)  - Services of module 'module_3' loaded.
08:46:27,057 INFO   [main] onepoint.project.module.OpModuleLoader.loadModule(OpModuleLoader.java:32)  - Loading module: onepoint/project/module/test/test_module_4.oxm.xml
08:46:27,073 INFO   [main] onepoint.project.module.OpModule.loadPrototypes(OpModule.java:272)  - Loading prototypes of module 'module_4'...
08:46:27,073 INFO   [main] onepoint.project.module.OpModule.loadPrototypes(OpModule.java:279)  - Prototypes of module 'module_4' loaded.
08:46:27,073 INFO   [main] onepoint.project.module.OpModule.loadLanguageKits(OpModule.java:287)  - Loading language-kits of module 'module_4'...
08:46:27,073 INFO   [main] onepoint.project.module.OpModule.loadLanguageKits(OpModule.java:291)  - Language-kits of module 'module_4' loaded.
08:46:27,073 INFO   [main] onepoint.project.module.OpModule.loadServices(OpModule.java:295)  - Loading services of module 'module_4'...
08:46:27,073 INFO   [main] onepoint.project.module.OpModule.loadServices(OpModule.java:300)  - Services of module 'module_4' loaded.
08:46:27,073 INFO   [main] onepoint.project.module.OpModuleRegistry.loadModules(OpModuleRegistry.java:84)  - Registered modules loaded.
08:46:27,088 INFO   [main] onepoint.project.module.OpModuleRegistry.loadModules(OpModuleRegistry.java:77)  - Loading registered modules...
08:46:27,088 INFO   [main] onepoint.project.module.OpModuleLoader.loadModule(OpModuleLoader.java:32)  - Loading module: onepoint/project/module/test/test_module_4.oxm.xml
08:46:27,104 INFO   [main] onepoint.project.module.OpModule.loadPrototypes(OpModule.java:272)  - Loading prototypes of module 'module_4'...
08:46:27,104 INFO   [main] onepoint.project.module.OpModule.loadPrototypes(OpModule.java:279)  - Prototypes of module 'module_4' loaded.
08:46:27,104 INFO   [main] onepoint.project.module.OpModule.loadLanguageKits(OpModule.java:287)  - Loading language-kits of module 'module_4'...
08:46:27,104 INFO   [main] onepoint.project.module.OpModule.loadLanguageKits(OpModule.java:291)  - Language-kits of module 'module_4' loaded.
08:46:27,104 INFO   [main] onepoint.project.module.OpModule.loadServices(OpModule.java:295)  - Loading services of module 'module_4'...
08:46:27,104 INFO   [main] onepoint.project.module.OpModule.loadServices(OpModule.java:300)  - Services of module 'module_4' loaded.
08:46:27,104 INFO   [main] onepoint.project.module.OpModuleLoader.loadModule(OpModuleLoader.java:32)  - Loading module: onepoint/project/module/test/test_module_3.oxm.xml
08:46:27,104 INFO   [main] onepoint.project.module.OpModule.loadPrototypes(OpModule.java:272)  - Loading prototypes of module 'module_3'...
08:46:27,104 INFO   [main] onepoint.project.module.OpModule.loadPrototypes(OpModule.java:279)  - Prototypes of module 'module_3' loaded.
08:46:27,104 INFO   [main] onepoint.project.module.OpModule.loadLanguageKits(OpModule.java:287)  - Loading language-kits of module 'module_3'...
08:46:27,104 INFO   [main] onepoint.project.module.OpModule.loadLanguageKits(OpModule.java:291)  - Language-kits of module 'module_3' loaded.
08:46:27,104 INFO   [main] onepoint.project.module.OpModule.loadServices(OpModule.java:295)  - Loading services of module 'module_3'...
08:46:27,104 INFO   [main] onepoint.project.module.OpModule.loadServices(OpModule.java:300)  - Services of module 'module_3' loaded.
08:46:27,104 INFO   [main] onepoint.project.module.OpModuleLoader.loadModule(OpModuleLoader.java:32)  - Loading module: onepoint/project/module/test/test_module_2.oxm.xml
08:46:27,120 INFO   [main] onepoint.project.module.OpModule.loadPrototypes(OpModule.java:272)  - Loading prototypes of module 'module_2'...
08:46:27,135 INFO   [main] onepoint.project.module.OpModule.loadPrototypes(OpModule.java:279)  - Prototypes of module 'module_2' loaded.
08:46:27,135 INFO   [main] onepoint.project.module.OpModule.loadLanguageKits(OpModule.java:287)  - Loading language-kits of module 'module_2'...
08:46:27,135 INFO   [main] onepoint.project.module.OpModule.loadLanguageKits(OpModule.java:291)  - Language-kits of module 'module_2' loaded.
08:46:27,135 INFO   [main] onepoint.project.module.OpModule.loadServices(OpModule.java:295)  - Loading services of module 'module_2'...
08:46:27,135 INFO   [main] onepoint.project.module.OpModule.loadServices(OpModule.java:300)  - Services of module 'module_2' loaded.
08:46:27,135 INFO   [main] onepoint.project.module.OpModuleLoader.loadModule(OpModuleLoader.java:32)  - Loading module: onepoint/project/module/test/test_module_1.oxm.xml
08:46:27,151 INFO   [main] onepoint.project.module.OpModule.loadPrototypes(OpModule.java:272)  - Loading prototypes of module 'module_1'...
08:46:27,151 INFO   [main] onepoint.project.module.OpModule.loadPrototypes(OpModule.java:279)  - Prototypes of module 'module_1' loaded.
08:46:27,151 INFO   [main] onepoint.project.module.OpModule.loadLanguageKits(OpModule.java:287)  - Loading language-kits of module 'module_1'...
08:46:27,151 INFO   [main] onepoint.project.module.OpModule.loadLanguageKits(OpModule.java:291)  - Language-kits of module 'module_1' loaded.
08:46:27,151 INFO   [main] onepoint.project.module.OpModule.loadServices(OpModule.java:295)  - Loading services of module 'module_1'...
08:46:27,151 INFO   [main] onepoint.project.module.OpModule.loadServices(OpModule.java:300)  - Services of module 'module_1' loaded.
08:46:27,151 INFO   [main] onepoint.project.module.OpModuleRegistry.loadModules(OpModuleRegistry.java:84)  - Registered modules loaded.
08:46:27,151 INFO   [main] onepoint.project.module.OpModuleRegistry.loadModules(OpModuleRegistry.java:77)  - Loading registered modules...
08:46:27,151 INFO   [main] onepoint.project.module.OpModuleLoader.loadModule(OpModuleLoader.java:32)  - Loading module: onepoint/project/module/test/test_module_4.oxm.xml
08:46:27,167 INFO   [main] onepoint.project.module.OpModule.loadPrototypes(OpModule.java:272)  - Loading prototypes of module 'module_4'...
08:46:27,167 INFO   [main] onepoint.project.module.OpModule.loadPrototypes(OpModule.java:279)  - Prototypes of module 'module_4' loaded.
08:46:27,167 INFO   [main] onepoint.project.module.OpModule.loadLanguageKits(OpModule.java:287)  - Loading language-kits of module 'module_4'...
08:46:27,167 INFO   [main] onepoint.project.module.OpModule.loadLanguageKits(OpModule.java:291)  - Language-kits of module 'module_4' loaded.
08:46:27,167 INFO   [main] onepoint.project.module.OpModule.loadServices(OpModule.java:295)  - Loading services of module 'module_4'...
08:46:27,167 INFO   [main] onepoint.project.module.OpModule.loadServices(OpModule.java:300)  - Services of module 'module_4' loaded.
08:46:27,167 INFO   [main] onepoint.project.module.OpModuleLoader.loadModule(OpModuleLoader.java:32)  - Loading module: onepoint/project/module/test/test_module_3.oxm.xml
08:46:27,182 INFO   [main] onepoint.project.module.OpModule.loadPrototypes(OpModule.java:272)  - Loading prototypes of module 'module_3'...
08:46:27,182 INFO   [main] onepoint.project.module.OpModule.loadPrototypes(OpModule.java:279)  - Prototypes of module 'module_3' loaded.
08:46:27,182 INFO   [main] onepoint.project.module.OpModule.loadLanguageKits(OpModule.java:287)  - Loading language-kits of module 'module_3'...
08:46:27,182 INFO   [main] onepoint.project.module.OpModule.loadLanguageKits(OpModule.java:291)  - Language-kits of module 'module_3' loaded.
08:46:27,182 INFO   [main] onepoint.project.module.OpModule.loadServices(OpModule.java:295)  - Loading services of module 'module_3'...
08:46:27,182 INFO   [main] onepoint.project.module.OpModule.loadServices(OpModule.java:300)  - Services of module 'module_3' loaded.
08:46:27,182 INFO   [main] onepoint.project.module.OpModuleLoader.loadModule(OpModuleLoader.java:32)  - Loading module: onepoint/project/module/test/test_module_2.oxm.xml
08:46:27,182 INFO   [main] onepoint.project.module.OpModule.loadPrototypes(OpModule.java:272)  - Loading prototypes of module 'module_2'...
08:46:27,198 INFO   [main] onepoint.project.module.OpModule.loadPrototypes(OpModule.java:279)  - Prototypes of module 'module_2' loaded.
08:46:27,198 INFO   [main] onepoint.project.module.OpModule.loadLanguageKits(OpModule.java:287)  - Loading language-kits of module 'module_2'...
08:46:27,198 INFO   [main] onepoint.project.module.OpModule.loadLanguageKits(OpModule.java:291)  - Language-kits of module 'module_2' loaded.
08:46:27,198 INFO   [main] onepoint.project.module.OpModule.loadServices(OpModule.java:295)  - Loading services of module 'module_2'...
08:46:27,198 INFO   [main] onepoint.project.module.OpModule.loadServices(OpModule.java:300)  - Services of module 'module_2' loaded.
08:46:27,198 INFO   [main] onepoint.project.module.OpModuleLoader.loadModule(OpModuleLoader.java:32)  - Loading module: onepoint/project/module/test/test_module_1.oxm.xml
08:46:27,213 INFO   [main] onepoint.project.module.OpModule.loadPrototypes(OpModule.java:272)  - Loading prototypes of module 'module_1'...
08:46:27,213 INFO   [main] onepoint.project.module.OpModule.loadPrototypes(OpModule.java:279)  - Prototypes of module 'module_1' loaded.
08:46:27,213 INFO   [main] onepoint.project.module.OpModule.loadLanguageKits(OpModule.java:287)  - Loading language-kits of module 'module_1'...
08:46:27,229 INFO   [main] onepoint.project.module.OpModule.loadLanguageKits(OpModule.java:291)  - Language-kits of module 'module_1' loaded.
08:46:27,229 INFO   [main] onepoint.project.module.OpModule.loadServices(OpModule.java:295)  - Loading services of module 'module_1'...
08:46:27,229 INFO   [main] onepoint.project.module.OpModule.loadServices(OpModule.java:300)  - Services of module 'module_1' loaded.
08:46:27,229 INFO   [main] onepoint.project.module.OpModuleRegistry.loadModules(OpModuleRegistry.java:84)  - Registered modules loaded.
08:46:27,229 INFO   [main] onepoint.project.module.OpModuleRegistry.loadModules(OpModuleRegistry.java:77)  - Loading registered modules...
08:46:27,229 INFO   [main] onepoint.project.module.OpModuleLoader.loadModule(OpModuleLoader.java:32)  - Loading module: onepoint/project/module/test/test_module_1.oxm.xml
08:46:27,245 INFO   [main] onepoint.project.module.OpModule.loadPrototypes(OpModule.java:272)  - Loading prototypes of module 'module_1'...
08:46:27,245 INFO   [main] onepoint.project.module.OpModule.loadPrototypes(OpModule.java:279)  - Prototypes of module 'module_1' loaded.
08:46:27,245 INFO   [main] onepoint.project.module.OpModule.loadLanguageKits(OpModule.java:287)  - Loading language-kits of module 'module_1'...
08:46:27,245 INFO   [main] onepoint.project.module.OpModule.loadLanguageKits(OpModule.java:291)  - Language-kits of module 'module_1' loaded.
08:46:27,245 INFO   [main] onepoint.project.module.OpModule.loadServices(OpModule.java:295)  - Loading services of module 'module_1'...
08:46:27,245 INFO   [main] onepoint.project.module.OpModule.loadServices(OpModule.java:300)  - Services of module 'module_1' loaded.
08:46:27,245 INFO   [main] onepoint.project.module.OpModuleLoader.loadModule(OpModuleLoader.java:32)  - Loading module: onepoint/project/module/test/test_module_2.oxm.xml
08:46:27,260 INFO   [main] onepoint.project.module.OpModule.loadPrototypes(OpModule.java:272)  - Loading prototypes of module 'module_2'...
08:46:27,260 INFO   [main] onepoint.project.module.OpModule.loadPrototypes(OpModule.java:279)  - Prototypes of module 'module_2' loaded.
08:46:27,260 INFO   [main] onepoint.project.module.OpModule.loadLanguageKits(OpModule.java:287)  - Loading language-kits of module 'module_2'...
08:46:27,260 INFO   [main] onepoint.project.module.OpModule.loadLanguageKits(OpModule.java:291)  - Language-kits of module 'module_2' loaded.
08:46:27,276 INFO   [main] onepoint.project.module.OpModule.loadServices(OpModule.java:295)  - Loading services of module 'module_2'...
08:46:27,276 INFO   [main] onepoint.project.module.OpModule.loadServices(OpModule.java:300)  - Services of module 'module_2' loaded.
08:46:27,276 INFO   [main] onepoint.project.module.OpModuleLoader.loadModule(OpModuleLoader.java:32)  - Loading module: onepoint/project/module/test/test_module_1.oxm.xml
08:46:27,276 INFO   [main] onepoint.project.module.OpModule.loadPrototypes(OpModule.java:272)  - Loading prototypes of module 'module_1'...
08:46:27,292 INFO   [main] onepoint.project.module.OpModule.loadPrototypes(OpModule.java:279)  - Prototypes of module 'module_1' loaded.
08:46:27,292 INFO   [main] onepoint.project.module.OpModule.loadLanguageKits(OpModule.java:287)  - Loading language-kits of module 'module_1'...
08:46:27,292 INFO   [main] onepoint.project.module.OpModule.loadLanguageKits(OpModule.java:291)  - Language-kits of module 'module_1' loaded.
08:46:27,292 INFO   [main] onepoint.project.module.OpModule.loadServices(OpModule.java:295)  - Loading services of module 'module_1'...
08:46:27,292 INFO   [main] onepoint.project.module.OpModule.loadServices(OpModule.java:300)  - Services of module 'module_1' loaded.
08:46:27,292 INFO   [main] onepoint.project.module.OpModuleLoader.loadModule(OpModuleLoader.java:32)  - Loading module: onepoint/project/module/test/test_module_7.oxm.xml
08:46:27,307 INFO   [main] onepoint.project.module.OpModule.loadPrototypes(OpModule.java:272)  - Loading prototypes of module 'module_7'...
08:46:27,307 INFO   [main] onepoint.project.module.OpModule.loadPrototypes(OpModule.java:279)  - Prototypes of module 'module_7' loaded.
08:46:27,307 INFO   [main] onepoint.project.module.OpModule.loadLanguageKits(OpModule.java:287)  - Loading language-kits of module 'module_7'...
08:46:27,307 INFO   [main] onepoint.project.module.OpModule.loadLanguageKits(OpModule.java:291)  - Language-kits of module 'module_7' loaded.
08:46:27,307 INFO   [main] onepoint.project.module.OpModule.loadServices(OpModule.java:295)  - Loading services of module 'module_7'...
08:46:27,307 INFO   [main] onepoint.project.module.OpModule.loadServices(OpModule.java:300)  - Services of module 'module_7' loaded.
08:46:27,307 INFO   [main] onepoint.project.module.OpModuleRegistry.loadModules(OpModuleRegistry.java:84)  - Registered modules loaded.
08:46:27,307 INFO   [main] onepoint.project.module.OpModuleRegistry.loadModules(OpModuleRegistry.java:77)  - Loading registered modules...
08:46:27,307 INFO   [main] onepoint.project.module.OpModuleLoader.loadModule(OpModuleLoader.java:32)  - Loading module: onepoint/project/module/test/test_module_1.oxm.xml
08:46:27,307 INFO   [main] onepoint.project.module.OpModule.loadPrototypes(OpModule.java:272)  - Loading prototypes of module 'module_1'...
08:46:27,323 INFO   [main] onepoint.project.module.OpModule.loadPrototypes(OpModule.java:279)  - Prototypes of module 'module_1' loaded.
08:46:27,323 INFO   [main] onepoint.project.module.OpModule.loadLanguageKits(OpModule.java:287)  - Loading language-kits of module 'module_1'...
08:46:27,323 INFO   [main] onepoint.project.module.OpModule.loadLanguageKits(OpModule.java:291)  - Language-kits of module 'module_1' loaded.
08:46:27,323 INFO   [main] onepoint.project.module.OpModule.loadServices(OpModule.java:295)  - Loading services of module 'module_1'...
08:46:27,323 INFO   [main] onepoint.project.module.OpModule.loadServices(OpModule.java:300)  - Services of module 'module_1' loaded.
08:46:27,323 INFO   [main] onepoint.project.module.OpModuleLoader.loadModule(OpModuleLoader.java:32)  - Loading module: onepoint/project/module/test/test_module_2.oxm.xml
08:46:27,338 INFO   [main] onepoint.project.module.OpModule.loadPrototypes(OpModule.java:272)  - Loading prototypes of module 'module_2'...
08:46:27,338 INFO   [main] onepoint.project.module.OpModule.loadPrototypes(OpModule.java:279)  - Prototypes of module 'module_2' loaded.
08:46:27,338 INFO   [main] onepoint.project.module.OpModule.loadLanguageKits(OpModule.java:287)  - Loading language-kits of module 'module_2'...
08:46:27,338 INFO   [main] onepoint.project.module.OpModule.loadLanguageKits(OpModule.java:291)  - Language-kits of module 'module_2' loaded.
08:46:27,338 INFO   [main] onepoint.project.module.OpModule.loadServices(OpModule.java:295)  - Loading services of module 'module_2'...
08:46:27,338 INFO   [main] onepoint.project.module.OpModule.loadServices(OpModule.java:300)  - Services of module 'module_2' loaded.
08:46:27,338 INFO   [main] onepoint.project.module.OpModuleLoader.loadModule(OpModuleLoader.java:32)  - Loading module: onepoint/project/module/test/test_module_1.oxm.xml
08:46:27,354 INFO   [main] onepoint.project.module.OpModule.loadPrototypes(OpModule.java:272)  - Loading prototypes of module 'module_1'...
08:46:27,370 INFO   [main] onepoint.project.module.OpModule.loadPrototypes(OpModule.java:279)  - Prototypes of module 'module_1' loaded.
08:46:27,370 INFO   [main] onepoint.project.module.OpModule.loadLanguageKits(OpModule.java:287)  - Loading language-kits of module 'module_1'...
08:46:27,370 INFO   [main] onepoint.project.module.OpModule.loadLanguageKits(OpModule.java:291)  - Language-kits of module 'module_1' loaded.
08:46:27,370 INFO   [main] onepoint.project.module.OpModule.loadServices(OpModule.java:295)  - Loading services of module 'module_1'...
08:46:27,370 INFO   [main] onepoint.project.module.OpModule.loadServices(OpModule.java:300)  - Services of module 'module_1' loaded.
08:46:27,370 INFO   [main] onepoint.project.module.OpModuleLoader.loadModule(OpModuleLoader.java:32)  - Loading module: onepoint/project/module/test/test_module_7.oxm.xml
08:46:27,370 INFO   [main] onepoint.project.module.OpModule.loadPrototypes(OpModule.java:272)  - Loading prototypes of module 'module_7'...
08:46:27,370 INFO   [main] onepoint.project.module.OpModule.loadPrototypes(OpModule.java:279)  - Prototypes of module 'module_7' loaded.
08:46:27,370 INFO   [main] onepoint.project.module.OpModule.loadLanguageKits(OpModule.java:287)  - Loading language-kits of module 'module_7'...
08:46:27,370 INFO   [main] onepoint.project.module.OpModule.loadLanguageKits(OpModule.java:291)  - Language-kits of module 'module_7' loaded.
08:46:27,385 INFO   [main] onepoint.project.module.OpModule.loadServices(OpModule.java:295)  - Loading services of module 'module_7'...
08:46:27,385 INFO   [main] onepoint.project.module.OpModule.loadServices(OpModule.java:300)  - Services of module 'module_7' loaded.
08:46:27,385 INFO   [main] onepoint.project.module.OpModuleRegistry.loadModules(OpModuleRegistry.java:84)  - Registered modules loaded.
08:46:27,385 INFO   [main] onepoint.project.module.OpModuleRegistry.loadModules(OpModuleRegistry.java:77)  - Loading registered modules...
08:46:27,385 INFO   [main] onepoint.project.module.OpModuleLoader.loadModule(OpModuleLoader.java:32)  - Loading module: onepoint/project/module/test/test_module_7.oxm.xml
08:46:27,401 INFO   [main] onepoint.project.module.OpModule.loadPrototypes(OpModule.java:272)  - Loading prototypes of module 'module_7'...
08:46:27,401 INFO   [main] onepoint.project.module.OpModule.loadPrototypes(OpModule.java:279)  - Prototypes of module 'module_7' loaded.
08:46:27,401 INFO   [main] onepoint.project.module.OpModule.loadLanguageKits(OpModule.java:287)  - Loading language-kits of module 'module_7'...
08:46:27,401 INFO   [main] onepoint.project.module.OpModule.loadLanguageKits(OpModule.java:291)  - Language-kits of module 'module_7' loaded.
08:46:27,401 INFO   [main] onepoint.project.module.OpModule.loadServices(OpModule.java:295)  - Loading services of module 'module_7'...
08:46:27,401 INFO   [main] onepoint.project.module.OpModule.loadServices(OpModule.java:300)  - Services of module 'module_7' loaded.
08:46:27,401 INFO   [main] onepoint.project.module.OpModuleLoader.loadModule(OpModuleLoader.java:32)  - Loading module: onepoint/project/module/test/test_module_2.oxm.xml
08:46:27,417 INFO   [main] onepoint.project.module.OpModule.loadPrototypes(OpModule.java:272)  - Loading prototypes of module 'module_2'...
08:46:27,417 INFO   [main] onepoint.project.module.OpModule.loadPrototypes(OpModule.java:279)  - Prototypes of module 'module_2' loaded.
08:46:27,417 INFO   [main] onepoint.project.module.OpModule.loadLanguageKits(OpModule.java:287)  - Loading language-kits of module 'module_2'...
08:46:27,417 INFO   [main] onepoint.project.module.OpModule.loadLanguageKits(OpModule.java:291)  - Language-kits of module 'module_2' loaded.
08:46:27,417 INFO   [main] onepoint.project.module.OpModule.loadServices(OpModule.java:295)  - Loading services of module 'module_2'...
08:46:27,417 INFO   [main] onepoint.project.module.OpModule.loadServices(OpModule.java:300)  - Services of module 'module_2' loaded.
08:46:27,417 INFO   [main] onepoint.project.module.OpModuleLoader.loadModule(OpModuleLoader.java:32)  - Loading module: onepoint/project/module/test/test_module_1.oxm.xml
08:46:27,432 INFO   [main] onepoint.project.module.OpModule.loadPrototypes(OpModule.java:272)  - Loading prototypes of module 'module_1'...
08:46:27,432 INFO   [main] onepoint.project.module.OpModule.loadPrototypes(OpModule.java:279)  - Prototypes of module 'module_1' loaded.
08:46:27,432 INFO   [main] onepoint.project.module.OpModule.loadLanguageKits(OpModule.java:287)  - Loading language-kits of module 'module_1'...
08:46:27,432 INFO   [main] onepoint.project.module.OpModule.loadLanguageKits(OpModule.java:291)  - Language-kits of module 'module_1' loaded.
08:46:27,432 INFO   [main] onepoint.project.module.OpModule.loadServices(OpModule.java:295)  - Loading services of module 'module_1'...
08:46:27,432 INFO   [main] onepoint.project.module.OpModule.loadServices(OpModule.java:300)  - Services of module 'module_1' loaded.
08:46:27,432 INFO   [main] onepoint.project.module.OpModuleLoader.loadModule(OpModuleLoader.java:32)  - Loading module: onepoint/project/module/test/test_module_1.oxm.xml
08:46:27,448 INFO   [main] onepoint.project.module.OpModule.loadPrototypes(OpModule.java:272)  - Loading prototypes of module 'module_1'...
08:46:27,448 INFO   [main] onepoint.project.module.OpModule.loadPrototypes(OpModule.java:279)  - Prototypes of module 'module_1' loaded.
08:46:27,448 INFO   [main] onepoint.project.module.OpModule.loadLanguageKits(OpModule.java:287)  - Loading language-kits of module 'module_1'...
08:46:27,448 INFO   [main] onepoint.project.module.OpModule.loadLanguageKits(OpModule.java:291)  - Language-kits of module 'module_1' loaded.
08:46:27,448 INFO   [main] onepoint.project.module.OpModule.loadServices(OpModule.java:295)  - Loading services of module 'module_1'...
08:46:27,448 INFO   [main] onepoint.project.module.OpModule.loadServices(OpModule.java:300)  - Services of module 'module_1' loaded.
08:46:27,463 INFO   [main] onepoint.project.module.OpModuleRegistry.loadModules(OpModuleRegistry.java:84)  - Registered modules loaded.
08:46:27,463 INFO   [main] onepoint.project.module.OpModuleRegistry.loadModules(OpModuleRegistry.java:77)  - Loading registered modules...
08:46:27,463 INFO   [main] onepoint.project.module.OpModuleLoader.loadModule(OpModuleLoader.java:32)  - Loading module: onepoint/project/module/test/test_module_7.oxm.xml
08:46:27,479 INFO   [main] onepoint.project.module.OpModule.loadPrototypes(OpModule.java:272)  - Loading prototypes of module 'module_7'...
08:46:27,479 INFO   [main] onepoint.project.module.OpModule.loadPrototypes(OpModule.java:279)  - Prototypes of module 'module_7' loaded.
08:46:27,479 INFO   [main] onepoint.project.module.OpModule.loadLanguageKits(OpModule.java:287)  - Loading language-kits of module 'module_7'...
08:46:27,479 INFO   [main] onepoint.project.module.OpModule.loadLanguageKits(OpModule.java:291)  - Language-kits of module 'module_7' loaded.
08:46:27,479 INFO   [main] onepoint.project.module.OpModule.loadServices(OpModule.java:295)  - Loading services of module 'module_7'...
08:46:27,479 INFO   [main] onepoint.project.module.OpModule.loadServices(OpModule.java:300)  - Services of module 'module_7' loaded.
08:46:27,479 INFO   [main] onepoint.project.module.OpModuleLoader.loadModule(OpModuleLoader.java:32)  - Loading module: onepoint/project/module/test/test_module_2.oxm.xml
08:46:27,495 INFO   [main] onepoint.project.module.OpModule.loadPrototypes(OpModule.java:272)  - Loading prototypes of module 'module_2'...
08:46:27,526 INFO   [main] onepoint.project.module.OpModule.loadPrototypes(OpModule.java:279)  - Prototypes of module 'module_2' loaded.
08:46:27,526 INFO   [main] onepoint.project.module.OpModule.loadLanguageKits(OpModule.java:287)  - Loading language-kits of module 'module_2'...
08:46:27,526 INFO   [main] onepoint.project.module.OpModule.loadLanguageKits(OpModule.java:291)  - Language-kits of module 'module_2' loaded.
08:46:27,526 INFO   [main] onepoint.project.module.OpModule.loadServices(OpModule.java:295)  - Loading services of module 'module_2'...
08:46:27,526 INFO   [main] onepoint.project.module.OpModule.loadServices(OpModule.java:300)  - Services of module 'module_2' loaded.
08:46:27,526 INFO   [main] onepoint.project.module.OpModuleLoader.loadModule(OpModuleLoader.java:32)  - Loading module: onepoint/project/module/test/test_module_1.oxm.xml
08:46:27,526 INFO   [main] onepoint.project.module.OpModule.loadPrototypes(OpModule.java:272)  - Loading prototypes of module 'module_1'...
08:46:27,542 INFO   [main] onepoint.project.module.OpModule.loadPrototypes(OpModule.java:279)  - Prototypes of module 'module_1' loaded.
08:46:27,542 INFO   [main] onepoint.project.module.OpModule.loadLanguageKits(OpModule.java:287)  - Loading language-kits of module 'module_1'...
08:46:27,542 INFO   [main] onepoint.project.module.OpModule.loadLanguageKits(OpModule.java:291)  - Language-kits of module 'module_1' loaded.
08:46:27,542 INFO   [main] onepoint.project.module.OpModule.loadServices(OpModule.java:295)  - Loading services of module 'module_1'...
08:46:27,542 INFO   [main] onepoint.project.module.OpModule.loadServices(OpModule.java:300)  - Services of module 'module_1' loaded.
08:46:27,542 INFO   [main] onepoint.project.module.OpModuleLoader.loadModule(OpModuleLoader.java:32)  - Loading module: onepoint/project/module/test/test_module_1.oxm.xml
08:46:27,557 INFO   [main] onepoint.project.module.OpModule.loadPrototypes(OpModule.java:272)  - Loading prototypes of module 'module_1'...
08:46:27,573 INFO   [main] onepoint.project.module.OpModule.loadPrototypes(OpModule.java:279)  - Prototypes of module 'module_1' loaded.
08:46:27,573 INFO   [main] onepoint.project.module.OpModule.loadLanguageKits(OpModule.java:287)  - Loading language-kits of module 'module_1'...
08:46:27,573 INFO   [main] onepoint.project.module.OpModule.loadLanguageKits(OpModule.java:291)  - Language-kits of module 'module_1' loaded.
08:46:27,573 INFO   [main] onepoint.project.module.OpModule.loadServices(OpModule.java:295)  - Loading services of module 'module_1'...
08:46:27,573 INFO   [main] onepoint.project.module.OpModule.loadServices(OpModule.java:300)  - Services of module 'module_1' loaded.
08:46:27,573 INFO   [main] onepoint.project.module.OpModuleRegistry.loadModules(OpModuleRegistry.java:84)  - Registered modules loaded.
08:46:27,588 INFO   [main] onepoint.project.module.OpModuleRegistry.loadModules(OpModuleRegistry.java:77)  - Loading registered modules...
08:46:27,588 INFO   [main] onepoint.project.module.OpModuleLoader.loadModule(OpModuleLoader.java:32)  - Loading module: onepoint/project/module/test/test_module_5.oxm.xml
08:46:27,604 INFO   [main] onepoint.project.module.OpModule.loadPrototypes(OpModule.java:272)  - Loading prototypes of module 'module_5'...
08:46:27,604 INFO   [main] onepoint.project.module.OpModule.loadPrototypes(OpModule.java:279)  - Prototypes of module 'module_5' loaded.
08:46:27,604 INFO   [main] onepoint.project.module.OpModule.loadLanguageKits(OpModule.java:287)  - Loading language-kits of module 'module_5'...
08:46:27,604 INFO   [main] onepoint.project.module.OpModule.loadLanguageKits(OpModule.java:291)  - Language-kits of module 'module_5' loaded.
08:46:27,604 INFO   [main] onepoint.project.module.OpModule.loadServices(OpModule.java:295)  - Loading services of module 'module_5'...
08:46:27,604 INFO   [main] onepoint.project.module.OpModule.loadServices(OpModule.java:300)  - Services of module 'module_5' loaded.
08:46:27,604 INFO   [main] onepoint.project.module.OpModuleLoader.loadModule(OpModuleLoader.java:32)  - Loading module: onepoint/project/module/test/test_module_6.oxm.xml
08:46:27,620 INFO   [main] onepoint.project.module.OpModule.loadPrototypes(OpModule.java:272)  - Loading prototypes of module 'module_6'...
08:46:27,620 INFO   [main] onepoint.project.module.OpModule.loadPrototypes(OpModule.java:279)  - Prototypes of module 'module_6' loaded.
08:46:27,620 INFO   [main] onepoint.project.module.OpModule.loadLanguageKits(OpModule.java:287)  - Loading language-kits of module 'module_6'...
08:46:27,620 INFO   [main] onepoint.project.module.OpModule.loadLanguageKits(OpModule.java:291)  - Language-kits of module 'module_6' loaded.
08:46:27,620 INFO   [main] onepoint.project.module.OpModule.loadServices(OpModule.java:295)  - Loading services of module 'module_6'...
08:46:27,620 INFO   [main] onepoint.project.module.OpModule.loadServices(OpModule.java:300)  - Services of module 'module_6' loaded.
08:46:27,635 INFO   [main] onepoint.project.module.OpModuleRegistry.loadModules(OpModuleRegistry.java:77)  - Loading registered modules...
08:46:27,635 INFO   [main] onepoint.project.module.OpModuleLoader.loadModule(OpModuleLoader.java:32)  - Loading module: onepoint/project/module/test/test_module_1.oxm.xml
08:46:27,651 INFO   [main] onepoint.project.module.OpModule.loadPrototypes(OpModule.java:272)  - Loading prototypes of module 'module_1'...
08:46:27,651 INFO   [main] onepoint.project.module.OpModule.loadPrototypes(OpModule.java:279)  - Prototypes of module 'module_1' loaded.
08:46:27,651 INFO   [main] onepoint.project.module.OpModule.loadLanguageKits(OpModule.java:287)  - Loading language-kits of module 'module_1'...
08:46:27,651 INFO   [main] onepoint.project.module.OpModule.loadLanguageKits(OpModule.java:291)  - Language-kits of module 'module_1' loaded.
08:46:27,651 INFO   [main] onepoint.project.module.OpModule.loadServices(OpModule.java:295)  - Loading services of module 'module_1'...
08:46:27,651 INFO   [main] onepoint.project.module.OpModule.loadServices(OpModule.java:300)  - Services of module 'module_1' loaded.
08:46:27,651 INFO   [main] onepoint.project.module.OpModuleLoader.loadModule(OpModuleLoader.java:32)  - Loading module: onepoint/project/module/test/test_module_3.oxm.xml
08:46:27,667 INFO   [main] onepoint.project.module.OpModule.loadPrototypes(OpModule.java:272)  - Loading prototypes of module 'module_3'...
08:46:27,667 INFO   [main] onepoint.project.module.OpModule.loadPrototypes(OpModule.java:279)  - Prototypes of module 'module_3' loaded.
08:46:27,667 INFO   [main] onepoint.project.module.OpModule.loadLanguageKits(OpModule.java:287)  - Loading language-kits of module 'module_3'...
08:46:27,667 INFO   [main] onepoint.project.module.OpModule.loadLanguageKits(OpModule.java:291)  - Language-kits of module 'module_3' loaded.
08:46:27,667 INFO   [main] onepoint.project.module.OpModule.loadServices(OpModule.java:295)  - Loading services of module 'module_3'...
08:46:27,667 INFO   [main] onepoint.project.module.OpModule.loadServices(OpModule.java:300)  - Services of module 'module_3' loaded.
08:46:27,713 INFO   [main] onepoint.project.module.OpModuleLoader.loadModule(OpModuleLoader.java:32)  - Loading module: onepoint/project/module/test/test_module_1.oxm.xml
08:46:27,729 INFO   [main] onepoint.project.module.OpModule.loadPrototypes(OpModule.java:272)  - Loading prototypes of module 'module_1'...
08:46:27,745 INFO   [main] onepoint.project.module.OpModule.loadPrototypes(OpModule.java:279)  - Prototypes of module 'module_1' loaded.
08:46:27,745 INFO   [main] onepoint.project.module.OpModule.loadLanguageKits(OpModule.java:287)  - Loading language-kits of module 'module_1'...
08:46:27,745 INFO   [main] onepoint.project.module.OpModule.loadLanguageKits(OpModule.java:291)  - Language-kits of module 'module_1' loaded.
08:46:27,745 INFO   [main] onepoint.project.module.OpModule.loadServices(OpModule.java:295)  - Loading services of module 'module_1'...
08:46:27,745 INFO   [main] onepoint.project.module.OpModule.loadServices(OpModule.java:300)  - Services of module 'module_1' loaded.
08:46:27,745 INFO   [main] onepoint.project.module.OpModuleLoader.loadModule(OpModuleLoader.java:32)  - Loading module: onepoint/project/module/test/test_module_2.oxm.xml
08:46:27,760 INFO   [main] onepoint.project.module.OpModule.loadPrototypes(OpModule.java:272)  - Loading prototypes of module 'module_2'...
08:46:27,776 INFO   [main] onepoint.project.module.OpModule.loadPrototypes(OpModule.java:279)  - Prototypes of module 'module_2' loaded.
08:46:27,776 INFO   [main] onepoint.project.module.OpModule.loadLanguageKits(OpModule.java:287)  - Loading language-kits of module 'module_2'...
08:46:27,776 INFO   [main] onepoint.project.module.OpModule.loadLanguageKits(OpModule.java:291)  - Language-kits of module 'module_2' loaded.
08:46:27,776 INFO   [main] onepoint.project.module.OpModule.loadServices(OpModule.java:295)  - Loading services of module 'module_2'...
08:46:27,776 INFO   [main] onepoint.project.module.OpModule.loadServices(OpModule.java:300)  - Services of module 'module_2' loaded.
08:46:27,776 INFO   [main] onepoint.project.module.OpModuleLoader.loadModule(OpModuleLoader.java:32)  - Loading module: onepoint/project/module/test/test_module_1.oxm.xml
08:46:27,792 INFO   [main] onepoint.project.module.OpModule.loadPrototypes(OpModule.java:272)  - Loading prototypes of module 'module_1'...
08:46:27,792 INFO   [main] onepoint.project.module.OpModule.loadPrototypes(OpModule.java:279)  - Prototypes of module 'module_1' loaded.
08:46:27,792 INFO   [main] onepoint.project.module.OpModule.loadLanguageKits(OpModule.java:287)  - Loading language-kits of module 'module_1'...
08:46:27,792 INFO   [main] onepoint.project.module.OpModule.loadLanguageKits(OpModule.java:291)  - Language-kits of module 'module_1' loaded.
08:46:27,792 INFO   [main] onepoint.project.module.OpModule.loadServices(OpModule.java:295)  - Loading services of module 'module_1'...
08:46:27,792 INFO   [main] onepoint.project.module.OpModule.loadServices(OpModule.java:300)  - Services of module 'module_1' loaded.
08:46:27,854 INFO   [main] onepoint.project.test.OpBaseTestCase.initTests(OpBaseTestCase.java:76)  - Class that will be used for test initialization=onepoint.project.test.OpOpenTestInitializer.
